[INFO  - 2018-02-27T23:08:24.731Z] GhostDriver - Main - running on port 44319
[INFO  - 2018-02-27T23:08:25.913Z] Session [1d767920-1c13-11e8-8358-b92bfc4375b8] - page.settings - {"XSSAuditingEnabled":false,"javascriptCanCloseWindows":true,"javascriptCanOpenWindows":true,"javascriptEnabled":true,"loadImages":true,"localToRemoteUrlAccessEnabled":false,"userAgent":"Mozilla/5.0 (Windows NT 6.2; WOW64) AppleWebKit/538.1 (KHTML, like Gecko) PhantomJS/2.1.1 Safari/538.1","webSecurityEnabled":true}
[INFO  - 2018-02-27T23:08:25.913Z] Session [1d767920-1c13-11e8-8358-b92bfc4375b8] - page.customHeaders:  - {}
[INFO  - 2018-02-27T23:08:25.913Z] Session [1d767920-1c13-11e8-8358-b92bfc4375b8] - Session.negotiatedCapabilities - {"browserName":"phantomjs","version":"2.1.1","driverName":"ghostdriver","driverVersion":"1.2.0","platform":"windows-8.1-32bit","javascriptEnabled":true,"takesScreenshot":true,"handlesAlerts":false,"databaseEnabled":false,"locationContextEnabled":false,"applicationCacheEnabled":false,"browserConnectionEnabled":false,"cssSelectorsEnabled":true,"webStorageEnabled":false,"rotatable":false,"acceptSslCerts":false,"nativeEvents":true,"proxy":{"proxyType":"direct"}}
[INFO  - 2018-02-27T23:08:25.913Z] SessionManagerReqHand - _postNewSessionCommand - New Session Created: 1d767920-1c13-11e8-8358-b92bfc4375b8
[INFO  - 2018-02-27T23:13:24.818Z] SessionManagerReqHand - _cleanupWindowlessSessions - Asynchronous Sessions clean-up phase starting NOW
[INFO  - 2018-02-27T23:13:24.820Z] SessionManagerReqHand - _cleanupWindowlessSessions - Deleted Session '1d767920-1c13-11e8-8358-b92bfc4375b8', because windowless
Images":true,"localToRemoteUrlAccessEnabled":false,"userAgent":"Mozilla/5.0 (Windows NT 6.2; WOW64) AppleWebKit/538.1 (KHTML, like Gecko) PhantomJS/2.1.1 Safari/538.1","webSecurityEnabled":true}
[INFO  - 2018-02-27T23:08:33.741Z] Session [22207930-1c13-11e8-bc07-d5106c5b701e] - page.customHeaders:  - {}
[INFO  - 2018-02-27T23:08:33.741Z] Session [22207930-1c13-11e8-bc07-d5106c5b701e] - Session.negotiatedCapabilities - {"browserName":"phantomjs","version":"2.1.1","driverName":"ghostdriver","driverVersion":"1.2.0","platform":"windows-8.1-32bit","javascriptEnabled":true,"takesScreenshot":true,"handlesAlerts":false,"databaseEnabled":false,"locationContextEnabled":false,"applicationCacheEnabled":false,"browserConnectionEnabled":false,"cssSelectorsEnabled":true,"webStorageEnabled":false,"rotatable":false,"acceptSslCerts":false,"nativeEvents":true,"proxy":{"proxyType":"direct"}}
[INFO  - 2018-02-27T23:08:33.741Z] SessionManagerReqHand - _postNewSessionCommand - New Session Created: 22207930-1c13-11e8-bc07-d5106c5b701e
[INFO  - 2018-02-27T23:13:33.265Z] SessionManagerReqHand - _cleanupWindowlessSessions - Asynchronous Sessions clean-up phase starting NOW
[INFO  - 2018-02-27T23:13:33.265Z] SessionManagerReqHand - _cleanupWindowlessSessions - Deleted Session '22207930-1c13-11e8-bc07-d5106c5b701e', because windowless
mages":true,"localToRemoteUrlAccessEnabled":false,"userAgent":"Mozilla/5.0 (Windows NT 6.2; WOW64) AppleWebKit/538.1 (KHTML, like Gecko) PhantomJS/2.1.1 Safari/538.1","webSecurityEnabled":true}
[INFO  - 2018-02-27T23:10:58.082Z] Session [7829c5c0-1c13-11e8-b104-a11ee63d328e] - page.customHeaders:  - {}
[INFO  - 2018-02-27T23:10:58.083Z] Session [7829c5c0-1c13-11e8-b104-a11ee63d328e] - Session.negotiatedCapabilities - {"browserName":"phantomjs","version":"2.1.1","driverName":"ghostdriver","driverVersion":"1.2.0","platform":"windows-8.1-32bit","javascriptEnabled":true,"takesScreenshot":true,"handlesAlerts":false,"databaseEnabled":false,"locationContextEnabled":false,"applicationCacheEnabled":false,"browserConnectionEnabled":false,"cssSelectorsEnabled":true,"webStorageEnabled":false,"rotatable":false,"acceptSslCerts":false,"nativeEvents":true,"proxy":{"proxyType":"direct"}}
[INFO  - 2018-02-27T23:10:58.083Z] SessionManagerReqHand - _postNewSessionCommand - New Session Created: 7829c5c0-1c13-11e8-b104-a11ee63d328e
[INFO  - 2018-02-27T23:15:57.250Z] SessionManagerReqHand - _cleanupWindowlessSessions - Asynchronous Sessions clean-up phase starting NOW
[INFO  - 2018-02-27T23:15:57.250Z] SessionManagerReqHand - _cleanupWindowlessSessions - Deleted Session '7829c5c0-1c13-11e8-b104-a11ee63d328e', because windowless
Images":true,"localToRemoteUrlAccessEnabled":false,"userAgent":"Mozilla/5.0 (Windows NT 6.2; WOW64) AppleWebKit/538.1 (KHTML, like Gecko) PhantomJS/2.1.1 Safari/538.1","webSecurityEnabled":true}
[INFO  - 2018-02-27T23:11:05.974Z] Session [7cddff00-1c13-11e8-a0b7-b7e1be2fc811] - page.customHeaders:  - {}
[INFO  - 2018-02-27T23:11:05.975Z] Session [7cddff00-1c13-11e8-a0b7-b7e1be2fc811] - Session.negotiatedCapabilities - {"browserName":"phantomjs","version":"2.1.1","driverName":"ghostdriver","driverVersion":"1.2.0","platform":"windows-8.1-32bit","javascriptEnabled":true,"takesScreenshot":true,"handlesAlerts":false,"databaseEnabled":false,"locationContextEnabled":false,"applicationCacheEnabled":false,"browserConnectionEnabled":false,"cssSelectorsEnabled":true,"webStorageEnabled":false,"rotatable":false,"acceptSslCerts":false,"nativeEvents":true,"proxy":{"proxyType":"direct"}}
[INFO  - 2018-02-27T23:11:05.975Z] SessionManagerReqHand - _postNewSessionCommand - New Session Created: 7cddff00-1c13-11e8-a0b7-b7e1be2fc811
[INFO  - 2018-02-27T23:16:05.517Z] SessionManagerReqHand - _cleanupWindowlessSessions - Asynchronous Sessions clean-up phase starting NOW
[INFO  - 2018-02-27T23:16:05.518Z] SessionManagerReqHand - _cleanupWindowlessSessions - Deleted Session '7cddff00-1c13-11e8-a0b7-b7e1be2fc811', because windowless
